\BOOKMARK [0][-]{chapter.1}{\376\377\004\055\004\072\004\101\004\077\004\065\004\100\004\070\004\074\004\065\004\075\004\102\000\040\0001\000:\000\040\004\030\004\101\004\101\004\073\004\065\004\064\004\076\004\062\004\060\004\075\004\070\004\065\000\040\004\100\004\060\004\101\004\101\004\073\004\076\004\065\004\075\004\070\004\117\000\040\004\064\004\070\004\075\004\060\004\074\004\070\004\107\004\065\004\101\004\072\004\076\004\071\000\040\004\077\004\060\004\074\004\117\004\102\004\070}{}% 1
\BOOKMARK [1][-]{section.1.1}{\376\377\004\046\004\065\004\073\004\114\000\040\004\115\004\072\004\101\004\077\004\065\004\100\004\070\004\074\004\065\004\075\004\102\004\060}{chapter.1}% 2
\BOOKMARK [1][-]{section.1.2}{\376\377\004\036\004\077\004\070\004\101\004\060\004\075\004\070\004\065\000\040\004\077\004\100\004\076\004\061\004\073\004\065\004\074\004\113}{chapter.1}% 3
\BOOKMARK [1][-]{section.1.3}{\376\377\004\041\004\103\004\102\004\114\000\040\004\115\004\072\004\101\004\077\004\065\004\100\004\070\004\074\004\065\004\075\004\102\004\060}{chapter.1}% 4
\BOOKMARK [1][-]{section.1.4}{\376\377\004\043\004\101\004\073\004\076\004\062\004\070\004\117\000\040\004\115\004\072\004\101\004\077\004\065\004\100\004\070\004\074\004\065\004\075\004\102\004\060}{chapter.1}% 5
\BOOKMARK [1][-]{section.1.5}{\376\377\004\040\004\065\004\067\004\103\004\073\004\114\004\102\004\060\004\102\004\113\000\040\004\115\004\072\004\101\004\077\004\065\004\100\004\070\004\074\004\065\004\075\004\102\004\060}{chapter.1}% 6
\BOOKMARK [1][-]{section.1.6}{\376\377\004\022\004\113\004\062\004\076\004\064}{chapter.1}% 7
\BOOKMARK [0][-]{chapter.2}{\376\377\004\055\004\072\004\101\004\077\004\065\004\100\004\070\004\074\004\065\004\075\004\102\000\040\0002\000:\000\040\004\041\004\100\004\060\004\062\004\075\004\065\004\075\004\070\004\065\000\040\004\115\004\104\004\104\004\065\004\072\004\102\004\070\004\062\004\075\004\076\004\101\004\102\004\070\000\040\004\101\004\101\004\113\004\073\004\076\004\107\004\075\004\113\004\105\000\040\004\070\000\040\004\062\004\065\004\072\004\102\004\076\004\100\004\075\004\113\004\105\000\040\004\101\004\102\004\100\004\103\004\072\004\102\004\103\004\100}{}% 8
\BOOKMARK [1][-]{section.2.1}{\376\377\004\046\004\065\004\073\004\114\000\040\004\115\004\072\004\101\004\077\004\065\004\100\004\070\004\074\004\065\004\075\004\102\004\060}{chapter.2}% 9
\BOOKMARK [1][-]{section.2.2}{\376\377\004\036\004\077\004\070\004\101\004\060\004\075\004\070\004\065\000\040\004\077\004\100\004\076\004\061\004\073\004\065\004\074\004\113}{chapter.2}% 10
\BOOKMARK [1][-]{section.2.3}{\376\377\004\041\004\103\004\102\004\114\000\040\004\115\004\072\004\101\004\077\004\065\004\100\004\070\004\074\004\065\004\075\004\102\004\060}{chapter.2}% 11
\BOOKMARK [1][-]{section.2.4}{\376\377\004\043\004\101\004\073\004\076\004\062\004\070\004\117\000\040\004\115\004\072\004\101\004\077\004\065\004\100\004\070\004\074\004\065\004\075\004\102\004\060}{chapter.2}% 12
\BOOKMARK [1][-]{section.2.5}{\376\377\004\040\004\065\004\067\004\103\004\073\004\114\004\102\004\060\004\102\004\113\000\040\004\115\004\072\004\101\004\077\004\065\004\100\004\070\004\074\004\065\004\075\004\102\004\060}{chapter.2}% 13
\BOOKMARK [1][-]{section.2.6}{\376\377\004\022\004\113\004\062\004\076\004\064}{chapter.2}% 14
\BOOKMARK [0][-]{chapter.3}{\376\377\004\055\004\072\004\101\004\077\004\065\004\100\004\070\004\074\004\065\004\075\004\102\000\040\0003\000:\000\040\004\030\004\101\004\101\004\073\004\065\004\064\004\076\004\062\004\060\004\075\004\070\004\065\000\040\004\115\004\104\004\104\004\065\004\072\004\102\004\070\004\062\004\075\004\076\004\101\004\102\004\070\000\040\004\077\004\100\004\076\004\063\004\100\004\060\004\074\004\074\004\075\004\076\004\071\000\040\004\077\004\100\004\065\004\064\004\062\004\113\004\061\004\076\004\100\004\072\004\070}{}% 15
\BOOKMARK [1][-]{section.3.1}{\376\377\004\046\004\065\004\073\004\114\000\040\004\115\004\072\004\101\004\077\004\065\004\100\004\070\004\074\004\065\004\075\004\102\004\060}{chapter.3}% 16
\BOOKMARK [1][-]{section.3.2}{\376\377\004\036\004\077\004\070\004\101\004\060\004\075\004\070\004\065\000\040\004\077\004\100\004\076\004\061\004\073\004\065\004\074\004\113}{chapter.3}% 17
\BOOKMARK [1][-]{section.3.3}{\376\377\004\041\004\103\004\102\004\114\000\040\004\115\004\072\004\101\004\077\004\065\004\100\004\070\004\074\004\065\004\075\004\102\004\060}{chapter.3}% 18
\BOOKMARK [1][-]{section.3.4}{\376\377\004\043\004\101\004\073\004\076\004\062\004\070\004\117\000\040\004\115\004\072\004\101\004\077\004\065\004\100\004\070\004\074\004\065\004\075\004\102\004\060}{chapter.3}% 19
\BOOKMARK [1][-]{section.3.5}{\376\377\004\040\004\065\004\067\004\103\004\073\004\114\004\102\004\060\004\102\004\113\000\040\004\115\004\072\004\101\004\077\004\065\004\100\004\070\004\074\004\065\004\075\004\102\004\060}{chapter.3}% 20
\BOOKMARK [1][-]{section.3.6}{\376\377\004\022\004\113\004\062\004\076\004\064}{chapter.3}% 21
\BOOKMARK [0][-]{chapter.4}{\376\377\004\055\004\072\004\101\004\077\004\065\004\100\004\070\004\074\004\065\004\075\004\102\000\040\0004\000:\000\040\004\030\004\101\004\101\004\073\004\065\004\064\004\076\004\062\004\060\004\075\004\070\004\065\000\040\004\101\004\077\004\076\004\101\004\076\004\061\004\076\004\062\000\040\004\115\004\104\004\104\004\065\004\072\004\102\004\070\004\062\004\075\004\076\004\063\004\076\000\040\004\107\004\102\004\065\004\075\004\070\004\117\000\040\004\076\004\077\004\065\004\100\004\060\004\102\004\070\004\062\004\075\004\076\004\071\000\040\004\077\004\060\004\074\004\117\004\102\004\070}{}% 22
\BOOKMARK [1][-]{section.4.1}{\376\377\004\046\004\065\004\073\004\114\000\040\004\115\004\072\004\101\004\077\004\065\004\100\004\070\004\074\004\065\004\075\004\102\004\060}{chapter.4}% 23
\BOOKMARK [1][-]{section.4.2}{\376\377\004\036\004\077\004\070\004\101\004\060\004\075\004\070\004\065\000\040\004\077\004\100\004\076\004\061\004\073\004\065\004\074\004\113}{chapter.4}% 24
\BOOKMARK [1][-]{section.4.3}{\376\377\004\041\004\103\004\102\004\114\000\040\004\115\004\072\004\101\004\077\004\065\004\100\004\070\004\074\004\065\004\075\004\102\004\060}{chapter.4}% 25
\BOOKMARK [1][-]{section.4.4}{\376\377\004\043\004\101\004\073\004\076\004\062\004\070\004\117\000\040\004\115\004\072\004\101\004\077\004\065\004\100\004\070\004\074\004\065\004\075\004\102\004\060}{chapter.4}% 26
\BOOKMARK [1][-]{section.4.5}{\376\377\004\040\004\065\004\067\004\103\004\073\004\114\004\102\004\060\004\102\004\113\000\040\004\115\004\072\004\101\004\077\004\065\004\100\004\070\004\074\004\065\004\075\004\102\004\060}{chapter.4}% 27
\BOOKMARK [1][-]{section.4.6}{\376\377\004\022\004\113\004\062\004\076\004\064}{chapter.4}% 28
\BOOKMARK [0][-]{chapter.5}{\376\377\004\055\004\072\004\101\004\077\004\065\004\100\004\070\004\074\004\065\004\075\004\102\000\040\0005\000:\000\040\004\030\004\101\004\101\004\073\004\065\004\064\004\076\004\062\004\060\004\075\004\070\004\065\000\040\004\072\004\076\004\075\004\104\004\073\004\070\004\072\004\102\004\076\004\062\000\040\004\062\000\040\004\072\004\065\004\110\000-\004\077\004\060\004\074\004\117\004\102\004\070}{}% 29
\BOOKMARK [1][-]{section.5.1}{\376\377\004\046\004\065\004\073\004\114\000\040\004\115\004\072\004\101\004\077\004\065\004\100\004\070\004\074\004\065\004\075\004\102\004\060}{chapter.5}% 30
\BOOKMARK [1][-]{section.5.2}{\376\377\004\036\004\077\004\070\004\101\004\060\004\075\004\070\004\065\000\040\004\077\004\100\004\076\004\061\004\073\004\065\004\074\004\113}{chapter.5}% 31
\BOOKMARK [1][-]{section.5.3}{\376\377\004\041\004\103\004\102\004\114\000\040\004\115\004\072\004\101\004\077\004\065\004\100\004\070\004\074\004\065\004\075\004\102\004\060}{chapter.5}% 32
\BOOKMARK [1][-]{section.5.4}{\376\377\004\043\004\101\004\073\004\076\004\062\004\070\004\117\000\040\004\115\004\072\004\101\004\077\004\065\004\100\004\070\004\074\004\065\004\075\004\102\004\060}{chapter.5}% 33
\BOOKMARK [1][-]{section.5.5}{\376\377\004\040\004\065\004\067\004\103\004\073\004\114\004\102\004\060\004\102\004\113\000\040\004\115\004\072\004\101\004\077\004\065\004\100\004\070\004\074\004\065\004\075\004\102\004\060}{chapter.5}% 34
\BOOKMARK [1][-]{section.5.6}{\376\377\004\022\004\113\004\062\004\076\004\064}{chapter.5}% 35
\BOOKMARK [0][-]{chapter.6}{\376\377\004\055\004\072\004\101\004\077\004\065\004\100\004\070\004\074\004\065\004\075\004\102\000\040\0006\000:\000\040\004\041\004\100\004\060\004\062\004\075\004\065\004\075\004\070\004\065\000\040\004\060\004\073\004\063\004\076\004\100\004\070\004\102\004\074\004\076\004\062\000\040\004\101\004\076\004\100\004\102\004\070\004\100\004\076\004\062\004\072\004\070}{}% 36
\BOOKMARK [1][-]{section.6.1}{\376\377\004\046\004\065\004\073\004\114\000\040\004\115\004\072\004\101\004\077\004\065\004\100\004\070\004\074\004\065\004\075\004\102\004\060}{chapter.6}% 37
\BOOKMARK [1][-]{section.6.2}{\376\377\004\041\004\103\004\102\004\114\000\040\004\115\004\072\004\101\004\077\004\065\004\100\004\070\004\074\004\065\004\075\004\102\004\060}{chapter.6}% 38
\BOOKMARK [1][-]{section.6.3}{\376\377\004\043\004\101\004\073\004\076\004\062\004\070\004\117\000\040\004\115\004\072\004\101\004\077\004\065\004\100\004\070\004\074\004\065\004\075\004\102\004\060}{chapter.6}% 39
\BOOKMARK [1][-]{section.6.4}{\376\377\004\040\004\065\004\067\004\103\004\073\004\114\004\102\004\060\004\102\004\113\000\040\004\115\004\072\004\101\004\077\004\065\004\100\004\070\004\074\004\065\004\075\004\102\004\060}{chapter.6}% 40
\BOOKMARK [1][-]{section.6.5}{\376\377\004\022\004\113\004\062\004\076\004\064}{chapter.6}% 41
\BOOKMARK [0][-]{chapter.7}{\376\377\004\027\004\060\004\072\004\073\004\116\004\107\004\065\004\075\004\070\004\065}{}% 42
